  TCP_Game_Server.cpp
C:\Program Files (x86)\Windows Kits\10\Include\10.0.18362.0\um\winbase.h(9305,5): warning C5105: 'defined'를 생성하는 매크로 확장에 정의되지 않은 동작이 있습니다.
C:\Users\anyc1\Documents\GitHub\UE4_Server\include\YCPacket.h(83,2): warning C4091: 'static ': 변수를 선언하지 않으면 'PacketEvent' 왼쪽은 무시됩니다.
C:\Users\anyc1\Documents\GitHub\UE4_Server\TCP_Game_Server\battle.h(127,1): warning C4099: 'battler_t': 처음에는 'class'을(를) 사용하여 형식 이름을 표시했는데 이제는 'struct'을(를) 사용하여 표시합니다.
C:\Users\anyc1\Documents\GitHub\UE4_Server\TCP_Game_Server\battle.h(126): message : 'battler_t' 선언을 참조하십시오.
C:\Users\anyc1\Documents\GitHub\UE4_Server\TCP_Game_Server\battle.h(209,33): warning C4244: '인수': 'int'에서 'float'(으)로 변환하면서 데이터가 손실될 수 있습니다.
C:\Users\anyc1\Documents\GitHub\UE4_Server\TCP_Game_Server\battle.h(209,33): message : 이 진단은 컴파일러 생성 함수 'void battler_t::move(Vec2f,float,std::vector<int,std::allocator<int>> &,F1,F2)'에서 수행되었습니다.
C:\Users\anyc1\Documents\GitHub\UE4_Server\TCP_Game_Server\champion_db.h(9,25): warning C4244: '초기화 중': 'float'에서 'int'(으)로 변환하면서 데이터가 손실될 수 있습니다.
C:\Users\anyc1\Documents\GitHub\UE4_Server\TCP_Game_Server\champion_db.h(10,32): warning C4244: '초기화 중': 'float'에서 'int'(으)로 변환하면서 데이터가 손실될 수 있습니다.
C:\Users\anyc1\Documents\GitHub\UE4_Server\TCP_Game_Server\champion_db.h(19,1): warning C4244: '+=': 'float'에서 'int'(으)로 변환하면서 데이터가 손실될 수 있습니다.
C:\Users\anyc1\Documents\GitHub\UE4_Server\TCP_Game_Server\champion_db.h(22,1): warning C4244: '*=': 'float'에서 'int'(으)로 변환하면서 데이터가 손실될 수 있습니다.
C:\Users\anyc1\Documents\GitHub\UE4_Server\TCP_Game_Server\champion_db.h(163,1): warning C4305: '초기화 중': 'double'에서 'float'(으)로 잘립니다.
C:\Users\anyc1\Documents\GitHub\UE4_Server\TCP_Game_Server\champion_list.h(17,23): warning C4267: '=': 'size_t'에서 'int'(으)로 변환하면서 데이터가 손실될 수 있습니다.
C:\Users\anyc1\Documents\GitHub\UE4_Server\TCP_Game_Server\item_db.h(58,34): warning C4838: 'unsigned __int64'에서 'int'(으)로의 변환에는 축소 변환이 필요합니다.
C:\Users\anyc1\Documents\GitHub\UE4_Server\TCP_Game_Server\item_db.h(58,1): warning C4267: '초기화 중': 'size_t'에서 'int'(으)로 변환하면서 데이터가 손실될 수 있습니다.
C:\Users\anyc1\Documents\GitHub\UE4_Server\TCP_Game_Server\server.h(53,1): warning C4244: '*=': 'float'에서 'int'(으)로 변환하면서 데이터가 손실될 수 있습니다.
C:\Users\anyc1\Documents\GitHub\UE4_Server\include\Vec2.h(49,24): warning C4244: '인수': 'double'에서 'T'(으)로 변환하면서 데이터가 손실될 수 있습니다.
          with
          [
              T=float
          ]
C:\Users\anyc1\Documents\GitHub\UE4_Server\include\Vec2.h(48): message : 클래스 템플릿 멤버 함수 'vec2<float> vec2<float>::operator *(double)'을(를) 컴파일하는 중입니다.
C:\Users\anyc1\Documents\GitHub\UE4_Server\TCP_Game_Server\battle.h(29): message : 컴파일되는 함수 템플릿 인스턴스화 'vec2<float> vec2<float>::operator *(double)'에 대한 참조를 확인하세요.
C:\Users\anyc1\Documents\GitHub\UE4_Server\TCP_Game_Server\battle.h(19): message : 컴파일되는 클래스 템플릿 인스턴스화 'vec2<float>'에 대한 참조를 확인하세요.
C:\Users\anyc1\Documents\GitHub\UE4_Server\include\Vec2.h(49,17): warning C4244: '인수': 'double'에서 'T'(으)로 변환하면서 데이터가 손실될 수 있습니다.
          with
          [
              T=float
          ]
C:\Users\anyc1\Documents\GitHub\UE4_Server\include\Vec2.h(67,1): warning C4244: '*=': 'double'에서 'T'(으)로 변환하면서 데이터가 손실될 수 있습니다.
          with
          [
              T=float
          ]
C:\Users\anyc1\Documents\GitHub\UE4_Server\include\Vec2.h(66): message : 클래스 템플릿 멤버 함수 'vec2<float> &vec2<float>::operator *=(double)'을(를) 컴파일하는 중입니다.
C:\Users\anyc1\Documents\GitHub\UE4_Server\include\Vec2.h(94): message : 컴파일되는 함수 템플릿 인스턴스화 'vec2<float> &vec2<float>::operator *=(double)'에 대한 참조를 확인하세요.
C:\Users\anyc1\Documents\GitHub\UE4_Server\include\Vec2.h(68,1): warning C4244: '*=': 'double'에서 'T'(으)로 변환하면서 데이터가 손실될 수 있습니다.
          with
          [
              T=float
          ]
C:\Users\anyc1\Documents\GitHub\UE4_Server\TCP_Game_Server\battle.h(270,39): warning C4244: '인수': 'int'에서 'float'(으)로 변환하면서 데이터가 손실될 수 있습니다.
C:\Users\anyc1\Documents\GitHub\UE4_Server\include\range\v3\range\concepts.hpp(80): message : 컴파일되는 함수 템플릿 인스턴스화 'void battler_t::run<battle::run::<lambda_1>::()::<lambda_1>::()::<lambda_2>,sync_func,send_func>(float,std::vector<int,std::allocator<int>>,F1,F2,F3)'에 대한 참조를 확인하세요.
          with
          [
              sync_func=server::{ctor}::<lambda_3>,
              send_func=server::{ctor}::<lambda_2>,
              F1=battle::run::<lambda_1>::()::<lambda_1>::()::<lambda_2>,
              F2=server::{ctor}::<lambda_3>,
              F3=server::{ctor}::<lambda_2>
          ]
C:\Users\anyc1\Documents\GitHub\UE4_Server\TCP_Game_Server\server.h(112): message : 컴파일되는 함수 템플릿 인스턴스화 'void battle::run<server::{ctor}::<lambda_2>,server::{ctor}::<lambda_3>>(float,send_func,sync_func)'에 대한 참조를 확인하세요.
          with
          [
              send_func=server::{ctor}::<lambda_2>,
              sync_func=server::{ctor}::<lambda_3>
          ]
C:\Users\anyc1\Documents\GitHub\UE4_Server\TCP_Game_Server\battle.h(282,31): warning C4244: '인수': 'int'에서 'float'(으)로 변환하면서 데이터가 손실될 수 있습니다.
C:\Users\anyc1\Documents\GitHub\UE4_Server\TCP_Game_Server\battle.h(211,24): warning C4244: '=': 'int'에서 'float'(으)로 변환하면서 데이터가 손실될 수 있습니다.
C:\Users\anyc1\Documents\GitHub\UE4_Server\TCP_Game_Server\battle.h(157,45): warning C4244: '인수': 'float'에서 'int'(으)로 변환하면서 데이터가 손실될 수 있습니다.
C:\Users\anyc1\Documents\GitHub\UE4_Server\TCP_Game_Server\battle.h(338): message : 컴파일되는 함수 템플릿 인스턴스화 'void battler_t::start_skill<F3,F2>(const std::vector<int,std::allocator<int>> &,F1,F2)'에 대한 참조를 확인하세요.
          with
          [
              F3=server::{ctor}::<lambda_2>,
              F2=server::{ctor}::<lambda_3>,
              F1=server::{ctor}::<lambda_2>
          ]
C:\Users\anyc1\Documents\GitHub\UE4_Server\TCP_Game_Server\battle.h(197,23): warning C4244: '=': 'float'에서 'int'(으)로 변환하면서 데이터가 손실될 수 있습니다.
C:\Users\anyc1\Documents\GitHub\UE4_Server\TCP_Game_Server\battle.h(338): message : 컴파일되는 함수 템플릿 인스턴스화 'void battler_t::hit<F3,F2>(std::vector<int,std::allocator<int>> &,F1,F2,bool,int)'에 대한 참조를 확인하세요.
          with
          [
              F3=server::{ctor}::<lambda_2>,
              F2=server::{ctor}::<lambda_3>,
              F1=server::{ctor}::<lambda_2>
          ]
C:\Program Files (x86)\Microsoft Visual Studio\2019\Professional\VC\Tools\MSVC\14.27.29110\include\xstring(2390,23): warning C4244: '인수': 'const wchar_t'에서 'const _Elem'(으)로 변환하면서 데이터가 손실될 수 있습니다.
          with
          [
              _Elem=char
          ]
C:\Program Files (x86)\Microsoft Visual Studio\2019\Professional\VC\Tools\MSVC\14.27.29110\include\xstring(2401): message : 컴파일되는 함수 템플릿 인스턴스화 'void std::basic_string<char,std::char_traits<char>,std::allocator<char>>::_Construct<_Iter>(_Iter,const _Iter,std::input_iterator_tag)'에 대한 참조를 확인하세요.
          with
          [
              _Iter=const wchar_t *
          ]
C:\Program Files (x86)\Microsoft Visual Studio\2019\Professional\VC\Tools\MSVC\14.27.29110\include\xstring(2401): message : 컴파일되는 함수 템플릿 인스턴스화 'void std::basic_string<char,std::char_traits<char>,std::allocator<char>>::_Construct<_Iter>(_Iter,const _Iter,std::input_iterator_tag)'에 대한 참조를 확인하세요.
          with
          [
              _Iter=const wchar_t *
          ]
C:\Program Files (x86)\Microsoft Visual Studio\2019\Professional\VC\Tools\MSVC\14.27.29110\include\xstring(2381): message : 컴파일되는 함수 템플릿 인스턴스화 'void std::basic_string<char,std::char_traits<char>,std::allocator<char>>::_Construct<_Iter>(const _Iter,const _Iter,std::forward_iterator_tag)'에 대한 참조를 확인하세요.
          with
          [
              _Iter=const wchar_t *
          ]
C:\Program Files (x86)\Microsoft Visual Studio\2019\Professional\VC\Tools\MSVC\14.27.29110\include\xstring(2381): message : 컴파일되는 함수 템플릿 인스턴스화 'void std::basic_string<char,std::char_traits<char>,std::allocator<char>>::_Construct<_Iter>(const _Iter,const _Iter,std::forward_iterator_tag)'에 대한 참조를 확인하세요.
          with
          [
              _Iter=const wchar_t *
          ]
C:\Program Files (x86)\Microsoft Visual Studio\2019\Professional\VC\Tools\MSVC\14.27.29110\include\xstring(3014): message : 컴파일되는 함수 템플릿 인스턴스화 'std::basic_string<char,std::char_traits<char>,std::allocator<char>>::basic_string<const wchar_t*,0>(_Iter,_Iter,const _Alloc &)'에 대한 참조를 확인하세요.
          with
          [
              _Iter=const wchar_t *,
              _Alloc=std::allocator<char>
          ]
C:\Program Files (x86)\Microsoft Visual Studio\2019\Professional\VC\Tools\MSVC\14.27.29110\include\xstring(3014): message : 컴파일되는 함수 템플릿 인스턴스화 'std::basic_string<char,std::char_traits<char>,std::allocator<char>>::basic_string<const wchar_t*,0>(_Iter,_Iter,const _Alloc &)'에 대한 참조를 확인하세요.
          with
          [
              _Iter=const wchar_t *,
              _Alloc=std::allocator<char>
          ]
C:\Users\anyc1\Documents\GitHub\UE4_Server\TCP_Game_Server\YCDB.h(74): message : 컴파일되는 함수 템플릿 인스턴스화 'std::basic_string<char,std::char_traits<char>,std::allocator<char>> &std::basic_string<char,std::char_traits<char>,std::allocator<char>>::assign<std::_String_const_iterator<std::_String_val<std::_Simple_types<_Elem>>>,0>(const _Iter,const _Iter)'에 대한 참조를 확인하세요.
          with
          [
              _Elem=wchar_t,
              _Iter=std::_String_const_iterator<std::_String_val<std::_Simple_types<wchar_t>>>
          ]
C:\Users\anyc1\Documents\GitHub\UE4_Server\TCP_Game_Server\YCDB.h(30): message : 컴파일되는 함수 템플릿 인스턴스화 'std::basic_string<char,std::char_traits<char>,std::allocator<char>> &std::basic_string<char,std::char_traits<char>,std::allocator<char>>::assign<std::_String_const_iterator<std::_String_val<std::_Simple_types<_Elem>>>,0>(const _Iter,const _Iter)'에 대한 참조를 확인하세요.
          with
          [
              _Elem=wchar_t,
              _Iter=std::_String_const_iterator<std::_String_val<std::_Simple_types<wchar_t>>>
          ]
C:\Users\anyc1\Documents\GitHub\UE4_Server\TCP_Game_Server\battle.h(174,20): warning C4244: '=': 'float'에서 'int'(으)로 변환하면서 데이터가 손실될 수 있습니다.
C:\Users\anyc1\Documents\GitHub\UE4_Server\TCP_Game_Server\battle.h(157): message : 컴파일되는 함수 템플릿 인스턴스화 'void battler_t::add_mp<F1,F2>(const std::vector<int,std::allocator<int>> &,F1,F2,int)'에 대한 참조를 확인하세요.
          with
          [
              F1=server::{ctor}::<lambda_2>,
              F2=server::{ctor}::<lambda_3>
          ]
C:\Users\anyc1\Documents\GitHub\UE4_Server\TCP_Game_Server\battle.h(338): message : 컴파일되는 함수 템플릿 인스턴스화 'void battler_t::start_skill<F3,F2>(const std::vector<int,std::allocator<int>> &,F1,F2)'에 대한 참조를 확인하세요.
          with
          [
              F3=server::{ctor}::<lambda_2>,
              F2=server::{ctor}::<lambda_3>,
              F1=server::{ctor}::<lambda_2>
          ]
C:\Users\anyc1\Documents\GitHub\UE4_Server\TCP_Game_Server\battle.h(175,25): warning C4244: '=': 'float'에서 'int'(으)로 변환하면서 데이터가 손실될 수 있습니다.
  코드를 생성하고 있습니다.
  1 of 7647 functions (<0.1%) were compiled, the rest were copied from previous compilation.
    0 functions were new in current compilation
    3 functions had inline decision re-evaluated but remain unchanged
  코드를 생성했습니다.
  TCP_Game_Server.vcxproj -> C:\Users\anyc1\Documents\GitHub\UE4_Server\x64\Release\TCP_Game_Server.exe
